<?xml version="1.0" encoding="UTF-8"?>
<testng-results ignored="0" total="4" passed="4" failed="0" skipped="0">
  <reporter-output>
  </reporter-output>
  <suite started-at="2024-11-03T09:53:17 IST" name="Default suite" finished-at="2024-11-03T09:53:22 IST" duration-ms="4780">
    <groups>
    </groups>
    <test started-at="2024-11-03T09:53:17 IST" name="Default test" finished-at="2024-11-03T09:53:22 IST" duration-ms="4780">
      <class name="ecommorceApp.EcomServicesTest">
        <test-method signature="login()[pri:0, instance:ecommorceApp.EcomServicesTest@7c7b252e]" started-at="2024-11-03T09:53:17 IST" name="login" finished-at="2024-11-03T09:53:20 IST" duration-ms="3209" status="PASS">
          <reporter-output>
          </reporter-output>
        </test-method> <!-- login -->
        <test-method signature="addProduct()[pri:1, instance:ecommorceApp.EcomServicesTest@7c7b252e]" started-at="2024-11-03T09:53:21 IST" name="addProduct" finished-at="2024-11-03T09:53:22 IST" duration-ms="1101" status="PASS">
          <reporter-output>
          </reporter-output>
        </test-method> <!-- addProduct -->
        <test-method signature="placeOrder()[pri:2, instance:ecommorceApp.EcomServicesTest@7c7b252e]" started-at="2024-11-03T09:53:22 IST" name="placeOrder" finished-at="2024-11-03T09:53:22 IST" duration-ms="168" status="PASS">
          <reporter-output>
          </reporter-output>
        </test-method> <!-- placeOrder -->
        <test-method signature="deleteProduct()[pri:3, instance:ecommorceApp.EcomServicesTest@7c7b252e]" started-at="2024-11-03T09:53:22 IST" name="deleteProduct" finished-at="2024-11-03T09:53:22 IST" duration-ms="244" status="PASS">
          <reporter-output>
          </reporter-output>
        </test-method> <!-- deleteProduct -->
      </class> <!-- ecommorceApp.EcomServicesTest -->
    </test> <!-- Default test -->
  </suite> <!-- Default suite -->
</testng-results>
